nohup: ignoring input

> sense-dashboard@0.1.0 dev
> concurrently "npm run backend" "npm start" --host 164.52.221.208 --port 3005

[0] 
[0] > sense-dashboard@0.1.0 backend
[0] > cd backend && npm run dev
[0] 
[1] 
[1] > sense-dashboard@0.1.0 start
[1] > react-scripts start
[1] 
[0] 
[0] > sense-dashboard-backend@1.0.0 dev
[0] > nodemon server.js
[0] 
[0] [33m[nodemon] 3.1.10[39m
[0] [33m[nodemon] to restart at any time, enter `rs`[39m
[0] [33m[nodemon] watching path(s): *.*[39m
[0] [33m[nodemon] watching extensions: js,mjs,cjs,json[39m
[0] [32m[nodemon] starting `node server.js`[39m
[0] [dotenv@17.2.1] injecting env (2) from .env -- tip: ⚙️  load multiple .env files with { path: ['.env.local', '.env'] }
[0] API Key loaded: Yes
[0] API Key starts with: sk-proj-sk
[0] Server running at http://164.52.221.208:9005
[1] (node:1202) [DEP_WEBPACK_DEV_SERVER_ON_AFTER_SETUP_MIDDLEWARE] DeprecationWarning: 'onAfterSetupMiddleware' option is deprecated. Please use the 'setupMiddlewares' option.
[1] (Use `node --trace-deprecation ...` to show where the warning was created)
[1] (node:1202) [DEP_WEBPACK_DEV_SERVER_ON_BEFORE_SETUP_MIDDLEWARE] DeprecationWarning: 'onBeforeSetupMiddleware' option is deprecated. Please use the 'setupMiddlewares' option.
[1] Starting the development server...
[1] 
[1] Compiled successfully!
[1] 
[1] You can now view sense-dashboard in the browser.
[1] 
[1]   Local:            http://localhost:3005
[1]   On Your Network:  http://10.19.204.6:3005
[1] 
[1] Note that the development build is not optimized.
[1] To create a production build, use npm run build.
[1] 
[1] webpack compiled successfully
[0] [32m[nodemon] restarting child process[39m
[0] [32m[nodemon] starting `node server.js`[39m
[0] [dotenv@17.2.1] injecting env (2) from .env -- tip: 📡 auto-backup env with Radar: https://dotenvx.com/radar
[0] API Key loaded: Yes
[0] API Key starts with: sk-proj-sk
[1] npm start exited with code SIGHUP
[0] Server running at http://164.52.221.208:9005
